<?xml version="1.0" encoding="UTF-8"?>
<testng-results ignored="0" total="1" passed="1" failed="0" skipped="0">
  <reporter-output>
  </reporter-output>
  <suite started-at="2024-12-04T10:48:25 CST" name="Default suite" finished-at="2024-12-04T10:48:38 CST" duration-ms="12246">
    <groups>
      <group name="cucumber">
        <method signature="AbstractTestNGCucumberTests.runScenario(io.cucumber.testng.PickleWrapper,io.cucumber.testng.FeatureWrapper)[pri:0, instance:common.RunnerClass@6f03482]" name="runScenario" class="io.cucumber.testng.AbstractTestNGCucumberTests"/>
      </group> <!-- cucumber -->
    </groups>
    <test started-at="2024-12-04T10:48:25 CST" name="Default test" finished-at="2024-12-04T10:48:38 CST" duration-ms="12246">
      <class name="common.RunnerClass">
        <test-method is-config="true" signature="setUpClass(org.testng.ITestContext)[pri:0, instance:common.RunnerClass@6f03482]" started-at="2024-12-04T10:48:25 CST" name="setUpClass" finished-at="2024-12-04T10:48:26 CST" duration-ms="706" status="PASS">
          <params>
            <param index="0">
              <value>
                <![CDATA[org.testng.TestRunner@5b970f7]]>
              </value>
            </param>
          </params>
          <reporter-output>
          </reporter-output>
        </test-method> <!-- setUpClass -->
        <test-method signature="runScenario(io.cucumber.testng.PickleWrapper,io.cucumber.testng.FeatureWrapper)[pri:0, instance:common.RunnerClass@6f03482]" started-at="2024-12-04T10:48:26 CST" name="runScenario" description="Runs Cucumber Scenarios" data-provider="scenarios" finished-at="2024-12-04T10:48:38 CST" duration-ms="11415" status="PASS">
          <params>
            <param index="0">
              <value>
                <![CDATA["Login/Add to cart(two Products)/Checkout/Shipping/Logout"]]>
              </value>
            </param>
            <param index="1">
              <value>
                <![CDATA["Complete Flow of SauceDemo Application"]]>
              </value>
            </param>
          </params>
          <reporter-output>
          </reporter-output>
        </test-method> <!-- runScenario -->
        <test-method is-config="true" signature="tearDownClass()[pri:0, instance:common.RunnerClass@6f03482]" started-at="2024-12-04T10:48:38 CST" name="tearDownClass" finished-at="2024-12-04T10:48:38 CST" duration-ms="49" status="PASS">
          <reporter-output>
          </reporter-output>
        </test-method> <!-- tearDownClass -->
      </class> <!-- common.RunnerClass -->
    </test> <!-- Default test -->
  </suite> <!-- Default suite -->
</testng-results>
